<?xml version="1.0" encoding="UTF-8"?>
<testng-results ignored="0" total="3" passed="3" failed="0" skipped="0">
  <reporter-output>
  </reporter-output>
  <suite started-at="2023-12-30T12:10:14 CET" name="Surefire suite" finished-at="2023-12-30T12:10:59 CET" duration-ms="45260">
    <groups>
    </groups>
    <test started-at="2023-12-30T12:10:14 CET" name="Surefire test" finished-at="2023-12-30T12:10:59 CET" duration-ms="45260">
      <class name="tests.Tests">
        <test-method is-config="true" signature="setUp()[pri:0, instance:tests.Tests@22e357dc]" started-at="2023-12-30T12:10:14 CET" name="setUp" finished-at="2023-12-30T12:10:26 CET" duration-ms="11826" status="PASS">
          <reporter-output>
          </reporter-output>
        </test-method> <!-- setUp -->
        <test-method signature="pruebaDos()[pri:0, instance:tests.Tests@22e357dc]" started-at="2023-12-30T12:10:26 CET" name="pruebaDos" finished-at="2023-12-30T12:10:35 CET" duration-ms="8926" status="PASS">
          <reporter-output>
          </reporter-output>
        </test-method> <!-- pruebaDos -->
        <test-method is-config="true" signature="tearDown(org.testng.ITestResult)[pri:0, instance:tests.Tests@22e357dc]" started-at="2023-12-30T12:10:35 CET" name="tearDown" finished-at="2023-12-30T12:10:36 CET" duration-ms="951" status="PASS">
          <params>
            <param index="0">
              <value>
                <![CDATA[[TestResult name=pruebaDos status=SUCCESS method=Tests.pruebaDos()[pri:0, instance:tests.Tests@22e357dc] output={null}]]]>
              </value>
            </param>
          </params>
          <reporter-output>
          </reporter-output>
        </test-method> <!-- tearDown -->
        <test-method is-config="true" signature="setUp()[pri:0, instance:tests.Tests@22e357dc]" started-at="2023-12-30T12:10:36 CET" name="setUp" finished-at="2023-12-30T12:10:45 CET" duration-ms="9763" status="PASS">
          <reporter-output>
          </reporter-output>
        </test-method> <!-- setUp -->
        <test-method signature="pruebaUno()[pri:0, instance:tests.Tests@22e357dc]" started-at="2023-12-30T12:10:45 CET" name="pruebaUno" finished-at="2023-12-30T12:10:48 CET" duration-ms="2604" status="PASS">
          <reporter-output>
          </reporter-output>
        </test-method> <!-- pruebaUno -->
        <test-method is-config="true" signature="tearDown(org.testng.ITestResult)[pri:0, instance:tests.Tests@22e357dc]" started-at="2023-12-30T12:10:48 CET" name="tearDown" finished-at="2023-12-30T12:10:49 CET" duration-ms="614" status="PASS">
          <params>
            <param index="0">
              <value>
                <![CDATA[[TestResult name=pruebaUno status=SUCCESS method=Tests.pruebaUno()[pri:0, instance:tests.Tests@22e357dc] output={null}]]]>
              </value>
            </param>
          </params>
          <reporter-output>
          </reporter-output>
        </test-method> <!-- tearDown -->
        <test-method is-config="true" signature="setUp()[pri:0, instance:tests.Tests@22e357dc]" started-at="2023-12-30T12:10:49 CET" name="setUp" finished-at="2023-12-30T12:10:58 CET" duration-ms="9694" status="PASS">
          <reporter-output>
          </reporter-output>
        </test-method> <!-- setUp -->
        <test-method signature="testCantFields()[pri:0, instance:tests.Tests@22e357dc]" started-at="2023-12-30T12:10:58 CET" name="testCantFields" finished-at="2023-12-30T12:10:58 CET" duration-ms="30" status="PASS">
          <reporter-output>
          </reporter-output>
        </test-method> <!-- testCantFields -->
        <test-method is-config="true" signature="tearDown(org.testng.ITestResult)[pri:0, instance:tests.Tests@22e357dc]" started-at="2023-12-30T12:10:58 CET" name="tearDown" finished-at="2023-12-30T12:10:59 CET" duration-ms="709" status="PASS">
          <params>
            <param index="0">
              <value>
                <![CDATA[[TestResult name=testCantFields status=SUCCESS method=Tests.testCantFields()[pri:0, instance:tests.Tests@22e357dc] output={null}]]]>
              </value>
            </param>
          </params>
          <reporter-output>
          </reporter-output>
        </test-method> <!-- tearDown -->
      </class> <!-- tests.Tests -->
    </test> <!-- Surefire test -->
  </suite> <!-- Surefire suite -->
</testng-results>
